ERROR - 2023-12-04 15:29:30 --> Error connecting to the database: mysqli_sql_exception: No connection could be made because the target machine actively refused it in C:\xampp\htdocs\myschid\vendor\codeigniter4\framework\system\Database\MySQLi\Connection.php:171
Stack trace:
#0 C:\xampp\htdocs\myschid\vendor\codeigniter4\framework\system\Database\MySQLi\Connection.php(171): mysqli->real_connect('localhost', 'root', '', 'db_schid', 3306, '', 0)
#1 C:\xampp\htdocs\myschid\vendor\codeigniter4\framework\system\Database\BaseConnection.php(382): CodeIgniter\Database\MySQLi\Connection->connect(false)
#2 C:\xampp\htdocs\myschid\vendor\codeigniter4\framework\system\Session\Handlers\DatabaseHandler.php(91): CodeIgniter\Database\BaseConnection->initialize()
#3 [internal function]: CodeIgniter\Session\Handlers\DatabaseHandler->open('ci_sessions', 'ci_session')
#4 C:\xampp\htdocs\myschid\vendor\codeigniter4\framework\system\Session\Session.php(918): session_start()
#5 C:\xampp\htdocs\myschid\vendor\codeigniter4\framework\system\Session\Session.php(240): CodeIgniter\Session\Session->startSession()
#6 C:\xampp\htdocs\myschid\vendor\codeigniter4\framework\system\Config\Services.php(665): CodeIgniter\Session\Session->start()
#7 C:\xampp\htdocs\myschid\vendor\codeigniter4\framework\system\Config\BaseService.php(253): CodeIgniter\Config\Services::session(Object(Config\App), false)
#8 C:\xampp\htdocs\myschid\vendor\codeigniter4\framework\system\Config\BaseService.php(194): CodeIgniter\Config\BaseService::__callStatic('session', Array)
#9 C:\xampp\htdocs\myschid\vendor\codeigniter4\framework\system\Config\Services.php(637): CodeIgniter\Config\BaseService::getSharedInstance('session', NULL)
#10 C:\xampp\htdocs\myschid\vendor\codeigniter4\framework\system\Config\BaseService.php(253): CodeIgniter\Config\Services::session()
#11 C:\xampp\htdocs\myschid\vendor\codeigniter4\framework\system\Common.php(934): CodeIgniter\Config\BaseService::__callStatic('session', Array)
#12 C:\xampp\htdocs\myschid\app\Controllers\BaseController.php(51): session()
#13 C:\xampp\htdocs\myschid\vendor\codeigniter4\framework\system\CodeIgniter.php(867): App\Controllers\BaseController->initController(Object(CodeIgniter\HTTP\IncomingRequest), Object(CodeIgniter\HTTP\Response), Object(CodeIgniter\Log\Logger))
#14 C:\xampp\htdocs\myschid\vendor\codeigniter4\framework\system\CodeIgniter.php(448): CodeIgniter\CodeIgniter->createController()
#15 C:\xampp\htdocs\myschid\vendor\codeigniter4\framework\system\CodeIgniter.php(340): CodeIgniter\CodeIgniter->handleRequest(NULL, Object(Config\Cache), false)
#16 C:\xampp\htdocs\myschid\public\index.php(67): CodeIgniter\CodeIgniter->run()
#17 {main}

Next CodeIgniter\Database\Exceptions\DatabaseException: No connection could be made because the target machine actively refused it in C:\xampp\htdocs\myschid\vendor\codeigniter4\framework\system\Database\MySQLi\Connection.php:215
Stack trace:
#0 C:\xampp\htdocs\myschid\vendor\codeigniter4\framework\system\Database\BaseConnection.php(382): CodeIgniter\Database\MySQLi\Connection->connect(false)
#1 C:\xampp\htdocs\myschid\vendor\codeigniter4\framework\system\Session\Handlers\DatabaseHandler.php(91): CodeIgniter\Database\BaseConnection->initialize()
#2 [internal function]: CodeIgniter\Session\Handlers\DatabaseHandler->open('ci_sessions', 'ci_session')
#3 C:\xampp\htdocs\myschid\vendor\codeigniter4\framework\system\Session\Session.php(918): session_start()
#4 C:\xampp\htdocs\myschid\vendor\codeigniter4\framework\system\Session\Session.php(240): CodeIgniter\Session\Session->startSession()
#5 C:\xampp\htdocs\myschid\vendor\codeigniter4\framework\system\Config\Services.php(665): CodeIgniter\Session\Session->start()
#6 C:\xampp\htdocs\myschid\vendor\codeigniter4\framework\system\Config\BaseService.php(253): CodeIgniter\Config\Services::session(Object(Config\App), false)
#7 C:\xampp\htdocs\myschid\vendor\codeigniter4\framework\system\Config\BaseService.php(194): CodeIgniter\Config\BaseService::__callStatic('session', Array)
#8 C:\xampp\htdocs\myschid\vendor\codeigniter4\framework\system\Config\Services.php(637): CodeIgniter\Config\BaseService::getSharedInstance('session', NULL)
#9 C:\xampp\htdocs\myschid\vendor\codeigniter4\framework\system\Config\BaseService.php(253): CodeIgniter\Config\Services::session()
#10 C:\xampp\htdocs\myschid\vendor\codeigniter4\framework\system\Common.php(934): CodeIgniter\Config\BaseService::__callStatic('session', Array)
#11 C:\xampp\htdocs\myschid\app\Controllers\BaseController.php(51): session()
#12 C:\xampp\htdocs\myschid\vendor\codeigniter4\framework\system\CodeIgniter.php(867): App\Controllers\BaseController->initController(Object(CodeIgniter\HTTP\IncomingRequest), Object(CodeIgniter\HTTP\Response), Object(CodeIgniter\Log\Logger))
#13 C:\xampp\htdocs\myschid\vendor\codeigniter4\framework\system\CodeIgniter.php(448): CodeIgniter\CodeIgniter->createController()
#14 C:\xampp\htdocs\myschid\vendor\codeigniter4\framework\system\CodeIgniter.php(340): CodeIgniter\CodeIgniter->handleRequest(NULL, Object(Config\Cache), false)
#15 C:\xampp\htdocs\myschid\public\index.php(67): CodeIgniter\CodeIgniter->run()
#16 {main}
CRITICAL - 2023-12-04 15:29:30 --> Unable to connect to the database.
Main connection [MySQLi]: No connection could be made because the target machine actively refused it
in SYSTEMPATH\Database\BaseConnection.php on line 418.
 1 SYSTEMPATH\Session\Handlers\DatabaseHandler.php(91): CodeIgniter\Database\BaseConnection->initialize()
 2 [internal function]: CodeIgniter\Session\Handlers\DatabaseHandler->open('ci_sessions', 'ci_session')
 3 SYSTEMPATH\Session\Session.php(918): session_start()
 4 SYSTEMPATH\Session\Session.php(240): CodeIgniter\Session\Session->startSession()
 5 SYSTEMPATH\Config\Services.php(665): CodeIgniter\Session\Session->start()
 6 SYSTEMPATH\Config\BaseService.php(253): CodeIgniter\Config\Services::session(Object(Config\App), false)
 7 SYSTEMPATH\Config\BaseService.php(194): CodeIgniter\Config\BaseService::__callStatic('session', [...])
 8 SYSTEMPATH\Config\Services.php(637): CodeIgniter\Config\BaseService::getSharedInstance('session', null)
 9 SYSTEMPATH\Config\BaseService.php(253): CodeIgniter\Config\Services::session()
10 SYSTEMPATH\Common.php(934): CodeIgniter\Config\BaseService::__callStatic('session', [])
11 APPPATH\Controllers\BaseController.php(51): session()
12 SYSTEMPATH\CodeIgniter.php(867): App\Controllers\BaseController->initController(Object(CodeIgniter\HTTP\IncomingRequest), Object(CodeIgniter\HTTP\Response), Object(CodeIgniter\Log\Logger))
13 SYSTEMPATH\CodeIgniter.php(448): CodeIgniter\CodeIgniter->createController()
14 SYSTEMPATH\CodeIgniter.php(340): CodeIgniter\CodeIgniter->handleRequest(null, Object(Config\Cache), false)
15 FCPATH\index.php(67): CodeIgniter\CodeIgniter->run()
CRITICAL - 2023-12-04 21:31:25 --> Undefined variable $kelas
in APPPATH\Views\Kelas\index.php on line 67.
 1 APPPATH\Views\Kelas\index.php(67): CodeIgniter\Debug\Exceptions->errorHandler(2, 'Undefined variable $kelas', 'APPPATH\\Views\\Kelas\\index.php', 67)
 2 SYSTEMPATH\View\View.php(213): include('APPPATH\\Views\\Kelas\\index.php')
 3 SYSTEMPATH\View\View.php(216): CodeIgniter\View\View->CodeIgniter\View\{closure}()
 4 SYSTEMPATH\Common.php(1137): CodeIgniter\View\View->render('Kelas/index', [], true)
 5 APPPATH\Controllers\KelasController.php(21): view('Kelas/index', [...])
 6 SYSTEMPATH\CodeIgniter.php(904): App\Controllers\KelasController->index()
 7 SYSTEMPATH\CodeIgniter.php(457): CodeIgniter\CodeIgniter->runController(Object(App\Controllers\KelasController))
 8 SYSTEMPATH\CodeIgniter.php(340): CodeIgniter\CodeIgniter->handleRequest(null, Object(Config\Cache), false)
 9 FCPATH\index.php(67): CodeIgniter\CodeIgniter->run()
ERROR - 2023-12-04 21:44:34 --> mysqli_sql_exception: Unknown column 'status' in 'field list' in C:\xampp\htdocs\myschid\vendor\codeigniter4\framework\system\Database\MySQLi\Connection.php:292
Stack trace:
#0 C:\xampp\htdocs\myschid\vendor\codeigniter4\framework\system\Database\MySQLi\Connection.php(292): mysqli->query('INSERT INTO `tb...', 0)
#1 C:\xampp\htdocs\myschid\vendor\codeigniter4\framework\system\Database\BaseConnection.php(693): CodeIgniter\Database\MySQLi\Connection->execute('INSERT INTO `tb...')
#2 C:\xampp\htdocs\myschid\vendor\codeigniter4\framework\system\Database\BaseConnection.php(620): CodeIgniter\Database\BaseConnection->simpleQuery('INSERT INTO `tb...')
#3 C:\xampp\htdocs\myschid\vendor\codeigniter4\framework\system\Database\BaseBuilder.php(1916): CodeIgniter\Database\BaseConnection->query('INSERT INTO `tb...', Array, false)
#4 C:\xampp\htdocs\myschid\vendor\codeigniter4\framework\system\Model.php(278): CodeIgniter\Database\BaseBuilder->insert()
#5 C:\xampp\htdocs\myschid\vendor\codeigniter4\framework\system\BaseModel.php(738): CodeIgniter\Model->doInsert(Array)
#6 C:\xampp\htdocs\myschid\vendor\codeigniter4\framework\system\Model.php(666): CodeIgniter\BaseModel->insert(Array, true)
#7 C:\xampp\htdocs\myschid\app\Models\KelasModel.php(35): CodeIgniter\Model->insert(Array)
#8 C:\xampp\htdocs\myschid\app\Controllers\KelasController.php(64): App\Models\KelasModel->insertData(Array)
#9 C:\xampp\htdocs\myschid\vendor\codeigniter4\framework\system\CodeIgniter.php(904): App\Controllers\KelasController->createsave()
#10 C:\xampp\htdocs\myschid\vendor\codeigniter4\framework\system\CodeIgniter.php(457): CodeIgniter\CodeIgniter->runController(Object(App\Controllers\KelasController))
#11 C:\xampp\htdocs\myschid\vendor\codeigniter4\framework\system\CodeIgniter.php(340): CodeIgniter\CodeIgniter->handleRequest(NULL, Object(Config\Cache), false)
#12 C:\xampp\htdocs\myschid\public\index.php(67): CodeIgniter\CodeIgniter->run()
#13 {main}
CRITICAL - 2023-12-04 21:44:34 --> Unknown column 'status' in 'field list'
in SYSTEMPATH\Database\MySQLi\Connection.php on line 292.
 1 SYSTEMPATH\Database\MySQLi\Connection.php(292): mysqli->query('INSERT INTO `tbl_kelas` (`nama_kelas`, `status`) VALUES (\'XI IPA 1\', \'1\')', 0)
 2 SYSTEMPATH\Database\BaseConnection.php(693): CodeIgniter\Database\MySQLi\Connection->execute('INSERT INTO `tbl_kelas` (`nama_kelas`, `status`) VALUES (\'XI IPA 1\', \'1\')')
 3 SYSTEMPATH\Database\BaseConnection.php(620): CodeIgniter\Database\BaseConnection->simpleQuery('INSERT INTO `tbl_kelas` (`nama_kelas`, `status`) VALUES (\'XI IPA 1\', \'1\')')
 4 SYSTEMPATH\Database\BaseBuilder.php(1916): CodeIgniter\Database\BaseConnection->query('INSERT INTO `tbl_kelas` (`nama_kelas`, `status`) VALUES (:nama_kelas:, :status:)', [...], false)
 5 SYSTEMPATH\Model.php(278): CodeIgniter\Database\BaseBuilder->insert()
 6 SYSTEMPATH\BaseModel.php(738): CodeIgniter\Model->doInsert([...])
 7 SYSTEMPATH\Model.php(666): CodeIgniter\BaseModel->insert([...], true)
 8 APPPATH\Models\KelasModel.php(35): CodeIgniter\Model->insert([...])
 9 APPPATH\Controllers\KelasController.php(64): App\Models\KelasModel->insertData([...])
10 SYSTEMPATH\CodeIgniter.php(904): App\Controllers\KelasController->createsave()
11 SYSTEMPATH\CodeIgniter.php(457): CodeIgniter\CodeIgniter->runController(Object(App\Controllers\KelasController))
12 SYSTEMPATH\CodeIgniter.php(340): CodeIgniter\CodeIgniter->handleRequest(null, Object(Config\Cache), false)
13 FCPATH\index.php(67): CodeIgniter\CodeIgniter->run()
CRITICAL - 2023-12-04 21:48:12 --> Undefined array key "status"
in APPPATH\Views\Kelas\index.php on line 71.
 1 APPPATH\Views\Kelas\index.php(71): CodeIgniter\Debug\Exceptions->errorHandler(2, 'Undefined array key "status"', 'APPPATH\\Views\\Kelas\\index.php', 71)
 2 SYSTEMPATH\View\View.php(213): include('APPPATH\\Views\\Kelas\\index.php')
 3 SYSTEMPATH\View\View.php(216): CodeIgniter\View\View->CodeIgniter\View\{closure}()
 4 SYSTEMPATH\Common.php(1137): CodeIgniter\View\View->render('Kelas/index', [], true)
 5 APPPATH\Controllers\KelasController.php(21): view('Kelas/index', [...])
 6 SYSTEMPATH\CodeIgniter.php(904): App\Controllers\KelasController->index()
 7 SYSTEMPATH\CodeIgniter.php(457): CodeIgniter\CodeIgniter->runController(Object(App\Controllers\KelasController))
 8 SYSTEMPATH\CodeIgniter.php(340): CodeIgniter\CodeIgniter->handleRequest(null, Object(Config\Cache), false)
 9 FCPATH\index.php(67): CodeIgniter\CodeIgniter->run()
CRITICAL - 2023-12-04 21:48:33 --> Undefined array key "id_siswa"
in APPPATH\Views\Kelas\index.php on line 74.
 1 APPPATH\Views\Kelas\index.php(74): CodeIgniter\Debug\Exceptions->errorHandler(2, 'Undefined array key "id_siswa"', 'APPPATH\\Views\\Kelas\\index.php', 74)
 2 SYSTEMPATH\View\View.php(213): include('APPPATH\\Views\\Kelas\\index.php')
 3 SYSTEMPATH\View\View.php(216): CodeIgniter\View\View->CodeIgniter\View\{closure}()
 4 SYSTEMPATH\Common.php(1137): CodeIgniter\View\View->render('Kelas/index', [], true)
 5 APPPATH\Controllers\KelasController.php(21): view('Kelas/index', [...])
 6 SYSTEMPATH\CodeIgniter.php(904): App\Controllers\KelasController->index()
 7 SYSTEMPATH\CodeIgniter.php(457): CodeIgniter\CodeIgniter->runController(Object(App\Controllers\KelasController))
 8 SYSTEMPATH\CodeIgniter.php(340): CodeIgniter\CodeIgniter->handleRequest(null, Object(Config\Cache), false)
 9 FCPATH\index.php(67): CodeIgniter\CodeIgniter->run()
CRITICAL - 2023-12-04 22:40:48 --> Undefined variable $kelas
in APPPATH\Views\Manage_Kelas\index.php on line 67.
 1 APPPATH\Views\Manage_Kelas\index.php(67): CodeIgniter\Debug\Exceptions->errorHandler(2, 'Undefined variable $kelas', 'APPPATH\\Views\\Manage_Kelas\\index.php', 67)
 2 SYSTEMPATH\View\View.php(213): include('APPPATH\\Views\\Manage_Kelas\\index.php')
 3 SYSTEMPATH\View\View.php(216): CodeIgniter\View\View->CodeIgniter\View\{closure}()
 4 SYSTEMPATH\Common.php(1137): CodeIgniter\View\View->render('Manage_Kelas/index', [], true)
 5 APPPATH\Controllers\ManageController.php(21): view('Manage_Kelas/index', [...])
 6 SYSTEMPATH\CodeIgniter.php(904): App\Controllers\ManageController->index()
 7 SYSTEMPATH\CodeIgniter.php(457): CodeIgniter\CodeIgniter->runController(Object(App\Controllers\ManageController))
 8 SYSTEMPATH\CodeIgniter.php(340): CodeIgniter\CodeIgniter->handleRequest(null, Object(Config\Cache), false)
 9 FCPATH\index.php(67): CodeIgniter\CodeIgniter->run()
CRITICAL - 2023-12-04 22:46:38 --> Undefined variable $kelas
in APPPATH\Views\Manage_Kelas\index.php on line 67.
 1 APPPATH\Views\Manage_Kelas\index.php(67): CodeIgniter\Debug\Exceptions->errorHandler(2, 'Undefined variable $kelas', 'APPPATH\\Views\\Manage_Kelas\\index.php', 67)
 2 SYSTEMPATH\View\View.php(213): include('APPPATH\\Views\\Manage_Kelas\\index.php')
 3 SYSTEMPATH\View\View.php(216): CodeIgniter\View\View->CodeIgniter\View\{closure}()
 4 SYSTEMPATH\Common.php(1137): CodeIgniter\View\View->render('Manage_Kelas/index', [], true)
 5 APPPATH\Controllers\ManageController.php(21): view('Manage_Kelas/index', [...])
 6 SYSTEMPATH\CodeIgniter.php(904): App\Controllers\ManageController->index()
 7 SYSTEMPATH\CodeIgniter.php(457): CodeIgniter\CodeIgniter->runController(Object(App\Controllers\ManageController))
 8 SYSTEMPATH\CodeIgniter.php(340): CodeIgniter\CodeIgniter->handleRequest(null, Object(Config\Cache), false)
 9 FCPATH\index.php(67): CodeIgniter\CodeIgniter->run()
CRITICAL - 2023-12-04 22:58:44 --> Undefined array key "id_sisswa"
in APPPATH\Views\Manage_Kelas\index.php on line 128.
 1 APPPATH\Views\Manage_Kelas\index.php(128): CodeIgniter\Debug\Exceptions->errorHandler(2, 'Undefined array key "id_sisswa"', 'APPPATH\\Views\\Manage_Kelas\\index.php', 128)
 2 SYSTEMPATH\View\View.php(213): include('APPPATH\\Views\\Manage_Kelas\\index.php')
 3 SYSTEMPATH\View\View.php(216): CodeIgniter\View\View->CodeIgniter\View\{closure}()
 4 SYSTEMPATH\Common.php(1137): CodeIgniter\View\View->render('Manage_Kelas/index', [], true)
 5 APPPATH\Controllers\ManageController.php(23): view('Manage_Kelas/index', [...])
 6 SYSTEMPATH\CodeIgniter.php(904): App\Controllers\ManageController->index()
 7 SYSTEMPATH\CodeIgniter.php(457): CodeIgniter\CodeIgniter->runController(Object(App\Controllers\ManageController))
 8 SYSTEMPATH\CodeIgniter.php(340): CodeIgniter\CodeIgniter->handleRequest(null, Object(Config\Cache), false)
 9 FCPATH\index.php(67): CodeIgniter\CodeIgniter->run()
CRITICAL - 2023-12-04 23:10:41 --> Undefined array key "nama_email"
in APPPATH\Views\Manage_Kelas\index.php on line 76.
 1 APPPATH\Views\Manage_Kelas\index.php(76): CodeIgniter\Debug\Exceptions->errorHandler(2, 'Undefined array key "nama_email"', 'APPPATH\\Views\\Manage_Kelas\\index.php', 76)
 2 SYSTEMPATH\View\View.php(213): include('APPPATH\\Views\\Manage_Kelas\\index.php')
 3 SYSTEMPATH\View\View.php(216): CodeIgniter\View\View->CodeIgniter\View\{closure}()
 4 SYSTEMPATH\Common.php(1137): CodeIgniter\View\View->render('Manage_Kelas/index', [], true)
 5 APPPATH\Controllers\ManageController.php(23): view('Manage_Kelas/index', [...])
 6 SYSTEMPATH\CodeIgniter.php(904): App\Controllers\ManageController->index()
 7 SYSTEMPATH\CodeIgniter.php(457): CodeIgniter\CodeIgniter->runController(Object(App\Controllers\ManageController))
 8 SYSTEMPATH\CodeIgniter.php(340): CodeIgniter\CodeIgniter->handleRequest(null, Object(Config\Cache), false)
 9 FCPATH\index.php(67): CodeIgniter\CodeIgniter->run()
ERROR - 2023-12-04 23:11:34 --> mysqli_sql_exception: Unknown column 'tbl_anggota_kelas.nisn' in 'on clause' in C:\xampp\htdocs\myschid\vendor\codeigniter4\framework\system\Database\MySQLi\Connection.php:292
Stack trace:
#0 C:\xampp\htdocs\myschid\vendor\codeigniter4\framework\system\Database\MySQLi\Connection.php(292): mysqli->query('SELECT `tbl_ang...', 0)
#1 C:\xampp\htdocs\myschid\vendor\codeigniter4\framework\system\Database\BaseConnection.php(693): CodeIgniter\Database\MySQLi\Connection->execute('SELECT `tbl_ang...')
#2 C:\xampp\htdocs\myschid\vendor\codeigniter4\framework\system\Database\BaseConnection.php(620): CodeIgniter\Database\BaseConnection->simpleQuery('SELECT `tbl_ang...')
#3 C:\xampp\htdocs\myschid\vendor\codeigniter4\framework\system\Database\BaseBuilder.php(1585): CodeIgniter\Database\BaseConnection->query('SELECT `tbl_ang...', Array, false)
#4 C:\xampp\htdocs\myschid\vendor\codeigniter4\framework\system\Model.php(771): CodeIgniter\Database\BaseBuilder->get()
#5 C:\xampp\htdocs\myschid\app\Models\ManagemenSiswaModel.php(27): CodeIgniter\Model->__call('get', Array)
#6 C:\xampp\htdocs\myschid\app\Controllers\ManageController.php(17): App\Models\ManagemenSiswaModel->selectall()
#7 C:\xampp\htdocs\myschid\vendor\codeigniter4\framework\system\CodeIgniter.php(904): App\Controllers\ManageController->index()
#8 C:\xampp\htdocs\myschid\vendor\codeigniter4\framework\system\CodeIgniter.php(457): CodeIgniter\CodeIgniter->runController(Object(App\Controllers\ManageController))
#9 C:\xampp\htdocs\myschid\vendor\codeigniter4\framework\system\CodeIgniter.php(340): CodeIgniter\CodeIgniter->handleRequest(NULL, Object(Config\Cache), false)
#10 C:\xampp\htdocs\myschid\public\index.php(67): CodeIgniter\CodeIgniter->run()
#11 {main}
CRITICAL - 2023-12-04 23:11:34 --> Unknown column 'tbl_anggota_kelas.nisn' in 'on clause'
in SYSTEMPATH\Database\MySQLi\Connection.php on line 292.
 1 SYSTEMPATH\Database\MySQLi\Connection.php(292): mysqli->query('SELECT `tbl_anggota_kelas`.`id_anggota`, `tbl_siswa`.`nama_siswa`, `tbl_siswa`.`email`, `tbl_kelas`.`nama_kelas`
FROM `tbl_anggota_kelas`
LEFT JOIN `tbl_siswa` ON `tbl_anggota_kelas`.`nisn` = `tbl_siswa`.`nisn`
LEFT JOIN `tbl_kelas` ON `tbl_anggota_kelas`.`id_kelas` = `tbl_kelas`.`id_kelas`', 0)
 2 SYSTEMPATH\Database\BaseConnection.php(693): CodeIgniter\Database\MySQLi\Connection->execute('SELECT `tbl_anggota_kelas`.`id_anggota`, `tbl_siswa`.`nama_siswa`, `tbl_siswa`.`email`, `tbl_kelas`.`nama_kelas`
FROM `tbl_anggota_kelas`
LEFT JOIN `tbl_siswa` ON `tbl_anggota_kelas`.`nisn` = `tbl_siswa`.`nisn`
LEFT JOIN `tbl_kelas` ON `tbl_anggota_kelas`.`id_kelas` = `tbl_kelas`.`id_kelas`')
 3 SYSTEMPATH\Database\BaseConnection.php(620): CodeIgniter\Database\BaseConnection->simpleQuery('SELECT `tbl_anggota_kelas`.`id_anggota`, `tbl_siswa`.`nama_siswa`, `tbl_siswa`.`email`, `tbl_kelas`.`nama_kelas`
FROM `tbl_anggota_kelas`
LEFT JOIN `tbl_siswa` ON `tbl_anggota_kelas`.`nisn` = `tbl_siswa`.`nisn`
LEFT JOIN `tbl_kelas` ON `tbl_anggota_kelas`.`id_kelas` = `tbl_kelas`.`id_kelas`')
 4 SYSTEMPATH\Database\BaseBuilder.php(1585): CodeIgniter\Database\BaseConnection->query('SELECT `tbl_anggota_kelas`.`id_anggota`, `tbl_siswa`.`nama_siswa`, `tbl_siswa`.`email`, `tbl_kelas`.`nama_kelas`
FROM `tbl_anggota_kelas`
LEFT JOIN `tbl_siswa` ON `tbl_anggota_kelas`.`nisn` = `tbl_siswa`.`nisn`
LEFT JOIN `tbl_kelas` ON `tbl_anggota_kelas`.`id_kelas` = `tbl_kelas`.`id_kelas`', [], false)
 5 SYSTEMPATH\Model.php(771): CodeIgniter\Database\BaseBuilder->get()
 6 APPPATH\Models\ManagemenSiswaModel.php(27): CodeIgniter\Model->__call('get', [])
 7 APPPATH\Controllers\ManageController.php(17): App\Models\ManagemenSiswaModel->selectall()
 8 SYSTEMPATH\CodeIgniter.php(904): App\Controllers\ManageController->index()
 9 SYSTEMPATH\CodeIgniter.php(457): CodeIgniter\CodeIgniter->runController(Object(App\Controllers\ManageController))
10 SYSTEMPATH\CodeIgniter.php(340): CodeIgniter\CodeIgniter->handleRequest(null, Object(Config\Cache), false)
11 FCPATH\index.php(67): CodeIgniter\CodeIgniter->run()
ERROR - 2023-12-04 23:12:22 --> mysqli_sql_exception: Unknown column 'tbl_anggota_kelas.nisn' in 'on clause' in C:\xampp\htdocs\myschid\vendor\codeigniter4\framework\system\Database\MySQLi\Connection.php:292
Stack trace:
#0 C:\xampp\htdocs\myschid\vendor\codeigniter4\framework\system\Database\MySQLi\Connection.php(292): mysqli->query('SELECT `tbl_ang...', 0)
#1 C:\xampp\htdocs\myschid\vendor\codeigniter4\framework\system\Database\BaseConnection.php(693): CodeIgniter\Database\MySQLi\Connection->execute('SELECT `tbl_ang...')
#2 C:\xampp\htdocs\myschid\vendor\codeigniter4\framework\system\Database\BaseConnection.php(620): CodeIgniter\Database\BaseConnection->simpleQuery('SELECT `tbl_ang...')
#3 C:\xampp\htdocs\myschid\vendor\codeigniter4\framework\system\Database\BaseBuilder.php(1585): CodeIgniter\Database\BaseConnection->query('SELECT `tbl_ang...', Array, false)
#4 C:\xampp\htdocs\myschid\vendor\codeigniter4\framework\system\Model.php(771): CodeIgniter\Database\BaseBuilder->get()
#5 C:\xampp\htdocs\myschid\app\Models\ManagemenSiswaModel.php(27): CodeIgniter\Model->__call('get', Array)
#6 C:\xampp\htdocs\myschid\app\Controllers\ManageController.php(17): App\Models\ManagemenSiswaModel->selectall()
#7 C:\xampp\htdocs\myschid\vendor\codeigniter4\framework\system\CodeIgniter.php(904): App\Controllers\ManageController->index()
#8 C:\xampp\htdocs\myschid\vendor\codeigniter4\framework\system\CodeIgniter.php(457): CodeIgniter\CodeIgniter->runController(Object(App\Controllers\ManageController))
#9 C:\xampp\htdocs\myschid\vendor\codeigniter4\framework\system\CodeIgniter.php(340): CodeIgniter\CodeIgniter->handleRequest(NULL, Object(Config\Cache), false)
#10 C:\xampp\htdocs\myschid\public\index.php(67): CodeIgniter\CodeIgniter->run()
#11 {main}
CRITICAL - 2023-12-04 23:12:22 --> Unknown column 'tbl_anggota_kelas.nisn' in 'on clause'
in SYSTEMPATH\Database\MySQLi\Connection.php on line 292.
 1 SYSTEMPATH\Database\MySQLi\Connection.php(292): mysqli->query('SELECT `tbl_anggota_kelas`.`id_anggota`, `tbl_siswa`.`nama_siswa`, `tbl_siswa`.`email`, `tbl_kelas`.`nama_kelas`
FROM `tbl_anggota_kelas`
LEFT JOIN `tbl_siswa` ON `tbl_anggota_kelas`.`nisn` = `tbl_siswa`.`id_siswa`
LEFT JOIN `tbl_kelas` ON `tbl_anggota_kelas`.`id_kelas` = `tbl_kelas`.`id_kelas`', 0)
 2 SYSTEMPATH\Database\BaseConnection.php(693): CodeIgniter\Database\MySQLi\Connection->execute('SELECT `tbl_anggota_kelas`.`id_anggota`, `tbl_siswa`.`nama_siswa`, `tbl_siswa`.`email`, `tbl_kelas`.`nama_kelas`
FROM `tbl_anggota_kelas`
LEFT JOIN `tbl_siswa` ON `tbl_anggota_kelas`.`nisn` = `tbl_siswa`.`id_siswa`
LEFT JOIN `tbl_kelas` ON `tbl_anggota_kelas`.`id_kelas` = `tbl_kelas`.`id_kelas`')
 3 SYSTEMPATH\Database\BaseConnection.php(620): CodeIgniter\Database\BaseConnection->simpleQuery('SELECT `tbl_anggota_kelas`.`id_anggota`, `tbl_siswa`.`nama_siswa`, `tbl_siswa`.`email`, `tbl_kelas`.`nama_kelas`
FROM `tbl_anggota_kelas`
LEFT JOIN `tbl_siswa` ON `tbl_anggota_kelas`.`nisn` = `tbl_siswa`.`id_siswa`
LEFT JOIN `tbl_kelas` ON `tbl_anggota_kelas`.`id_kelas` = `tbl_kelas`.`id_kelas`')
 4 SYSTEMPATH\Database\BaseBuilder.php(1585): CodeIgniter\Database\BaseConnection->query('SELECT `tbl_anggota_kelas`.`id_anggota`, `tbl_siswa`.`nama_siswa`, `tbl_siswa`.`email`, `tbl_kelas`.`nama_kelas`
FROM `tbl_anggota_kelas`
LEFT JOIN `tbl_siswa` ON `tbl_anggota_kelas`.`nisn` = `tbl_siswa`.`id_siswa`
LEFT JOIN `tbl_kelas` ON `tbl_anggota_kelas`.`id_kelas` = `tbl_kelas`.`id_kelas`', [], false)
 5 SYSTEMPATH\Model.php(771): CodeIgniter\Database\BaseBuilder->get()
 6 APPPATH\Models\ManagemenSiswaModel.php(27): CodeIgniter\Model->__call('get', [])
 7 APPPATH\Controllers\ManageController.php(17): App\Models\ManagemenSiswaModel->selectall()
 8 SYSTEMPATH\CodeIgniter.php(904): App\Controllers\ManageController->index()
 9 SYSTEMPATH\CodeIgniter.php(457): CodeIgniter\CodeIgniter->runController(Object(App\Controllers\ManageController))
10 SYSTEMPATH\CodeIgniter.php(340): CodeIgniter\CodeIgniter->handleRequest(null, Object(Config\Cache), false)
11 FCPATH\index.php(67): CodeIgniter\CodeIgniter->run()
ERROR - 2023-12-04 23:12:31 --> mysqli_sql_exception: Unknown column 'tbl_anggota_kelas.nisn' in 'on clause' in C:\xampp\htdocs\myschid\vendor\codeigniter4\framework\system\Database\MySQLi\Connection.php:292
Stack trace:
#0 C:\xampp\htdocs\myschid\vendor\codeigniter4\framework\system\Database\MySQLi\Connection.php(292): mysqli->query('SELECT `tbl_ang...', 0)
#1 C:\xampp\htdocs\myschid\vendor\codeigniter4\framework\system\Database\BaseConnection.php(693): CodeIgniter\Database\MySQLi\Connection->execute('SELECT `tbl_ang...')
#2 C:\xampp\htdocs\myschid\vendor\codeigniter4\framework\system\Database\BaseConnection.php(620): CodeIgniter\Database\BaseConnection->simpleQuery('SELECT `tbl_ang...')
#3 C:\xampp\htdocs\myschid\vendor\codeigniter4\framework\system\Database\BaseBuilder.php(1585): CodeIgniter\Database\BaseConnection->query('SELECT `tbl_ang...', Array, false)
#4 C:\xampp\htdocs\myschid\vendor\codeigniter4\framework\system\Model.php(771): CodeIgniter\Database\BaseBuilder->get()
#5 C:\xampp\htdocs\myschid\app\Models\ManagemenSiswaModel.php(27): CodeIgniter\Model->__call('get', Array)
#6 C:\xampp\htdocs\myschid\app\Controllers\ManageController.php(17): App\Models\ManagemenSiswaModel->selectall()
#7 C:\xampp\htdocs\myschid\vendor\codeigniter4\framework\system\CodeIgniter.php(904): App\Controllers\ManageController->index()
#8 C:\xampp\htdocs\myschid\vendor\codeigniter4\framework\system\CodeIgniter.php(457): CodeIgniter\CodeIgniter->runController(Object(App\Controllers\ManageController))
#9 C:\xampp\htdocs\myschid\vendor\codeigniter4\framework\system\CodeIgniter.php(340): CodeIgniter\CodeIgniter->handleRequest(NULL, Object(Config\Cache), false)
#10 C:\xampp\htdocs\myschid\public\index.php(67): CodeIgniter\CodeIgniter->run()
#11 {main}
CRITICAL - 2023-12-04 23:12:31 --> Unknown column 'tbl_anggota_kelas.nisn' in 'on clause'
in SYSTEMPATH\Database\MySQLi\Connection.php on line 292.
 1 SYSTEMPATH\Database\MySQLi\Connection.php(292): mysqli->query('SELECT `tbl_anggota_kelas`.`id_anggota`, `tbl_siswa`.`nama_siswa`, `tbl_siswa`.`email`, `tbl_kelas`.`nama_kelas`
FROM `tbl_anggota_kelas`
LEFT JOIN `tbl_siswa` ON `tbl_anggota_kelas`.`nisn` = `tbl_siswa`.`id_siswa`
LEFT JOIN `tbl_kelas` ON `tbl_anggota_kelas`.`id_kelas` = `tbl_kelas`.`id_kelas`', 0)
 2 SYSTEMPATH\Database\BaseConnection.php(693): CodeIgniter\Database\MySQLi\Connection->execute('SELECT `tbl_anggota_kelas`.`id_anggota`, `tbl_siswa`.`nama_siswa`, `tbl_siswa`.`email`, `tbl_kelas`.`nama_kelas`
FROM `tbl_anggota_kelas`
LEFT JOIN `tbl_siswa` ON `tbl_anggota_kelas`.`nisn` = `tbl_siswa`.`id_siswa`
LEFT JOIN `tbl_kelas` ON `tbl_anggota_kelas`.`id_kelas` = `tbl_kelas`.`id_kelas`')
 3 SYSTEMPATH\Database\BaseConnection.php(620): CodeIgniter\Database\BaseConnection->simpleQuery('SELECT `tbl_anggota_kelas`.`id_anggota`, `tbl_siswa`.`nama_siswa`, `tbl_siswa`.`email`, `tbl_kelas`.`nama_kelas`
FROM `tbl_anggota_kelas`
LEFT JOIN `tbl_siswa` ON `tbl_anggota_kelas`.`nisn` = `tbl_siswa`.`id_siswa`
LEFT JOIN `tbl_kelas` ON `tbl_anggota_kelas`.`id_kelas` = `tbl_kelas`.`id_kelas`')
 4 SYSTEMPATH\Database\BaseBuilder.php(1585): CodeIgniter\Database\BaseConnection->query('SELECT `tbl_anggota_kelas`.`id_anggota`, `tbl_siswa`.`nama_siswa`, `tbl_siswa`.`email`, `tbl_kelas`.`nama_kelas`
FROM `tbl_anggota_kelas`
LEFT JOIN `tbl_siswa` ON `tbl_anggota_kelas`.`nisn` = `tbl_siswa`.`id_siswa`
LEFT JOIN `tbl_kelas` ON `tbl_anggota_kelas`.`id_kelas` = `tbl_kelas`.`id_kelas`', [], false)
 5 SYSTEMPATH\Model.php(771): CodeIgniter\Database\BaseBuilder->get()
 6 APPPATH\Models\ManagemenSiswaModel.php(27): CodeIgniter\Model->__call('get', [])
 7 APPPATH\Controllers\ManageController.php(17): App\Models\ManagemenSiswaModel->selectall()
 8 SYSTEMPATH\CodeIgniter.php(904): App\Controllers\ManageController->index()
 9 SYSTEMPATH\CodeIgniter.php(457): CodeIgniter\CodeIgniter->runController(Object(App\Controllers\ManageController))
10 SYSTEMPATH\CodeIgniter.php(340): CodeIgniter\CodeIgniter->handleRequest(null, Object(Config\Cache), false)
11 FCPATH\index.php(67): CodeIgniter\CodeIgniter->run()
CRITICAL - 2023-12-04 23:24:14 --> Call to undefined function App\Controllers\updateData()
in APPPATH\Controllers\ManageController.php on line 115.
 1 SYSTEMPATH\CodeIgniter.php(904): App\Controllers\ManageController->editsave()
 2 SYSTEMPATH\CodeIgniter.php(457): CodeIgniter\CodeIgniter->runController(Object(App\Controllers\ManageController))
 3 SYSTEMPATH\CodeIgniter.php(340): CodeIgniter\CodeIgniter->handleRequest(null, Object(Config\Cache), false)
 4 FCPATH\index.php(67): CodeIgniter\CodeIgniter->run()
CRITICAL - 2023-12-04 23:46:12 --> syntax error, unexpected token "public"
in APPPATH\Controllers\KelasController.php on line 23.
 1 SYSTEMPATH\Autoloader\Autoloader.php(259): CodeIgniter\Autoloader\Autoloader->includeFile('APPPATH\\Controllers\\KelasController.php')
 2 SYSTEMPATH\Autoloader\Autoloader.php(237): CodeIgniter\Autoloader\Autoloader->loadInNamespace('App\\Controllers\\KelasController')
 3 [internal function]: CodeIgniter\Autoloader\Autoloader->loadClass('App\\Controllers\\KelasController')
 4 SYSTEMPATH\CodeIgniter.php(854): class_exists('\\App\\Controllers\\KelasController', true)
 5 SYSTEMPATH\CodeIgniter.php(444): CodeIgniter\CodeIgniter->startController()
 6 SYSTEMPATH\CodeIgniter.php(340): CodeIgniter\CodeIgniter->handleRequest(null, Object(Config\Cache), false)
 7 FCPATH\index.php(67): CodeIgniter\CodeIgniter->run()
